Performing C SOURCE FILE Test CMAKE_HAVE_LIBC_PTHREAD failed with the following output:
Change Dir: /home/csmajs/cmak012/lab-04-unit-testing-cmak012-and-nwang078/CMakeFiles/CMakeTmp

Run Build Command(s):/usr/bin/gmake -f Makefile cmTC_158e1/fast && /usr/bin/gmake  -f CMakeFiles/cmTC_158e1.dir/build.make CMakeFiles/cmTC_158e1.dir/build
gmake[1]: Entering directory '/data/home/csmajs/cmak012/lab-04-unit-testing-cmak012-and-nwang078/CMakeFiles/CMakeTmp'
Building C object CMakeFiles/cmTC_158e1.dir/src.c.o
/usr/bin/cc -DCMAKE_HAVE_LIBC_PTHREAD   -o CMakeFiles/cmTC_158e1.dir/src.c.o -c /home/csmajs/cmak012/lab-04-unit-testing-cmak012-and-nwang078/CMakeFiles/CMakeTmp/src.c
Linking C executable cmTC_158e1
/usr/bin/cmake -E cmake_link_script CMakeFiles/cmTC_158e1.dir/link.txt --verbose=1
/usr/bin/cc CMakeFiles/cmTC_158e1.dir/src.c.o -o cmTC_158e1 
CMakeFiles/cmTC_158e1.dir/src.c.o: In function `main':
src.c:(.text+0x2d): undefined reference to `pthread_create'
src.c:(.text+0x39): undefined reference to `pthread_detach'
src.c:(.text+0x45): undefined reference to `pthread_cancel'
src.c:(.text+0x56): undefined reference to `pthread_join'
collect2: error: ld returned 1 exit status
gmake[1]: *** [CMakeFiles/cmTC_158e1.dir/build.make:99: cmTC_158e1] Error 1
gmake[1]: Leaving directory '/data/home/csmajs/cmak012/lab-04-unit-testing-cmak012-and-nwang078/CMakeFiles/CMakeTmp'
gmake: *** [Makefile:127: cmTC_158e1/fast] Error 2


Source file was:
#include <pthread.h>

static void* test_func(void* data)
{
  return data;
}

int main(void)
{
  pthread_t thread;
  pthread_create(&thread, NULL, test_func, NULL);
  pthread_detach(thread);
  pthread_cancel(thread);
  pthread_join(thread, NULL);
  pthread_atfork(NULL, NULL, NULL);
  pthread_exit(NULL);

  return 0;
}

Determining if the function pthread_create exists in the pthreads failed with the following output:
Change Dir: /home/csmajs/cmak012/lab-04-unit-testing-cmak012-and-nwang078/CMakeFiles/CMakeTmp

Run Build Command(s):/usr/bin/gmake -f Makefile cmTC_34816/fast && /usr/bin/gmake  -f CMakeFiles/cmTC_34816.dir/build.make CMakeFiles/cmTC_34816.dir/build
gmake[1]: Entering directory '/data/home/csmajs/cmak012/lab-04-unit-testing-cmak012-and-nwang078/CMakeFiles/CMakeTmp'
Building C object CMakeFiles/cmTC_34816.dir/CheckFunctionExists.c.o
/usr/bin/cc   -DCHECK_FUNCTION_EXISTS=pthread_create -o CMakeFiles/cmTC_34816.dir/CheckFunctionExists.c.o -c /usr/share/cmake/Modules/CheckFunctionExists.c
Linking C executable cmTC_34816
/usr/bin/cmake -E cmake_link_script CMakeFiles/cmTC_34816.dir/link.txt --verbose=1
/usr/bin/cc  -DCHECK_FUNCTION_EXISTS=pthread_create CMakeFiles/cmTC_34816.dir/CheckFunctionExists.c.o -o cmTC_34816  -lpthreads 
/usr/bin/ld: cannot find -lpthreads
collect2: error: ld returned 1 exit status
gmake[1]: *** [CMakeFiles/cmTC_34816.dir/build.make:99: cmTC_34816] Error 1
gmake[1]: Leaving directory '/data/home/csmajs/cmak012/lab-04-unit-testing-cmak012-and-nwang078/CMakeFiles/CMakeTmp'
gmake: *** [Makefile:127: cmTC_34816/fast] Error 2



